Copyright 1986-2020 Xilinx, Inc. All Rights Reserved.
----------------------------------------------------------------------------------------------------------------------------------------------------------
| Tool Version     : Vivado v.2020.2 (win64) Build 3064766 Wed Nov 18 09:12:45 MST 2020
| Date             : Sat Jun 15 11:06:36 2024
| Host             : PowerHouse running 64-bit major release  (build 9200)
| Command          : report_power -file zsys_wrapper_power_routed.rpt -pb zsys_wrapper_power_summary_routed.pb -rpx zsys_wrapper_power_routed.rpx
| Design           : zsys_wrapper
| Device           : xc7z010clg225-1
| Design State     : routed
| Grade            : commercial
| Process          : typical
| Characterization : Production
----------------------------------------------------------------------------------------------------------------------------------------------------------

Power Report

Table of Contents
-----------------
1. Summary
1.1 On-Chip Components
1.2 Power Supply Summary
1.3 Confidence Level
2. Settings
2.1 Environment
2.2 Clock Constraints
3. Detailed Reports
3.1 By Hierarchy

1. Summary
----------

+--------------------------+--------------+
| Total On-Chip Power (W)  | 1.693        |
| Design Power Budget (W)  | Unspecified* |
| Power Budget Margin (W)  | NA           |
| Dynamic (W)              | 1.565        |
| Device Static (W)        | 0.128        |
| Effective TJA (C/W)      | 11.5         |
| Max Ambient (C)          | 65.5         |
| Junction Temperature (C) | 44.5         |
| Confidence Level         | Low          |
| Setting File             | ---          |
| Simulation Activity File | ---          |
| Design Nets Matched      | NA           |
+--------------------------+--------------+
* Specify Design Power Budget using, set_operating_conditions -design_power_budget <value in Watts>


1.1 On-Chip Components
----------------------

+--------------------------+-----------+----------+-----------+-----------------+
| On-Chip                  | Power (W) | Used     | Available | Utilization (%) |
+--------------------------+-----------+----------+-----------+-----------------+
| Clocks                   |     0.066 |       12 |       --- |             --- |
| Slice Logic              |     0.018 |    34131 |       --- |             --- |
|   LUT as Logic           |     0.014 |    10160 |     17600 |           57.73 |
|   CARRY4                 |     0.002 |      622 |      4400 |           14.14 |
|   Register               |     0.001 |    18932 |     35200 |           53.78 |
|   F7/F8 Muxes            |    <0.001 |      391 |     17600 |            2.22 |
|   LUT as Distributed RAM |    <0.001 |       76 |      6000 |            1.27 |
|   LUT as Shift Register  |    <0.001 |      421 |      6000 |            7.02 |
|   BUFG                   |    <0.001 |        1 |        32 |            3.13 |
|   Others                 |     0.000 |     1124 |       --- |             --- |
| Signals                  |     0.032 |    26063 |       --- |             --- |
| Block RAM                |     0.028 |       27 |        60 |           45.00 |
| MMCM                     |     0.105 |        1 |         2 |           50.00 |
| I/O                      |     0.113 |       42 |        54 |           77.78 |
| XADC                     |     0.003 |        1 |       --- |             --- |
| PS7                      |     1.199 |        1 |       --- |             --- |
| Static Power             |     0.128 |          |           |                 |
| Total                    |     1.693 |          |           |                 |
+--------------------------+-----------+----------+-----------+-----------------+


1.2 Power Supply Summary
------------------------

+-----------+-------------+-----------+-------------+------------+-------------+-------------+------------+
| Source    | Voltage (V) | Total (A) | Dynamic (A) | Static (A) | Powerup (A) | Budget (A)  | Margin (A) |
+-----------+-------------+-----------+-------------+------------+-------------+-------------+------------+
| Vccint    |       1.000 |     0.156 |       0.148 |      0.008 |       NA    | Unspecified | NA         |
| Vccaux    |       1.800 |     0.078 |       0.070 |      0.008 |       NA    | Unspecified | NA         |
| Vcco33    |       3.300 |     0.028 |       0.027 |      0.001 |       NA    | Unspecified | NA         |
| Vcco25    |       2.500 |     0.000 |       0.000 |      0.000 |       NA    | Unspecified | NA         |
| Vcco18    |       1.800 |     0.000 |       0.000 |      0.000 |       NA    | Unspecified | NA         |
| Vcco15    |       1.500 |     0.000 |       0.000 |      0.000 |       NA    | Unspecified | NA         |
| Vcco135   |       1.350 |     0.000 |       0.000 |      0.000 |       NA    | Unspecified | NA         |
| Vcco12    |       1.200 |     0.000 |       0.000 |      0.000 |       NA    | Unspecified | NA         |
| Vccaux_io |       1.800 |     0.000 |       0.000 |      0.000 |       NA    | Unspecified | NA         |
| Vccbram   |       1.000 |     0.004 |       0.002 |      0.002 |       NA    | Unspecified | NA         |
| MGTAVcc   |       1.000 |     0.000 |       0.000 |      0.000 |       NA    | Unspecified | NA         |
| MGTAVtt   |       1.200 |     0.000 |       0.000 |      0.000 |       NA    | Unspecified | NA         |
| MGTVccaux |       1.800 |     0.000 |       0.000 |      0.000 |       NA    | Unspecified | NA         |
| Vccpint   |       1.000 |     0.716 |       0.686 |      0.030 |       NA    | Unspecified | NA         |
| Vccpaux   |       1.800 |     0.037 |       0.026 |      0.010 |       NA    | Unspecified | NA         |
| Vccpll    |       1.800 |     0.018 |       0.015 |      0.003 |       NA    | Unspecified | NA         |
| Vcco_ddr  |       1.350 |     0.321 |       0.319 |      0.002 |       NA    | Unspecified | NA         |
| Vcco_mio0 |       3.300 |     0.003 |       0.002 |      0.001 |       NA    | Unspecified | NA         |
| Vcco_mio1 |       3.300 |     0.002 |       0.001 |      0.001 |       NA    | Unspecified | NA         |
| Vccadc    |       1.800 |     0.021 |       0.001 |      0.020 |       NA    | Unspecified | NA         |
+-----------+-------------+-----------+-------------+------------+-------------+-------------+------------+


1.3 Confidence Level
--------------------

+-----------------------------+------------+--------------------------------------------------------+------------------------------------------------------------------------------------------------------------+
| User Input Data             | Confidence | Details                                                | Action                                                                                                     |
+-----------------------------+------------+--------------------------------------------------------+------------------------------------------------------------------------------------------------------------+
| Design implementation state | High       | Design is routed                                       |                                                                                                            |
| Clock nodes activity        | High       | User specified more than 95% of clocks                 |                                                                                                            |
| I/O nodes activity          | Low        | More than 75% of inputs are missing user specification | Provide missing input activity with simulation results or by editing the "By Resource Type -> I/Os" view   |
| Internal nodes activity     | Medium     | User specified less than 25% of internal nodes         | Provide missing internal nodes activity with simulation results or by editing the "By Resource Type" views |
| Device models               | High       | Device models are Production                           |                                                                                                            |
|                             |            |                                                        |                                                                                                            |
| Overall confidence level    | Low        |                                                        |                                                                                                            |
+-----------------------------+------------+--------------------------------------------------------+------------------------------------------------------------------------------------------------------------+


2. Settings
-----------

2.1 Environment
---------------

+-----------------------+------------------------+
| Ambient Temp (C)      | 25.0                   |
| ThetaJA (C/W)         | 11.5                   |
| Airflow (LFM)         | 250                    |
| Heat Sink             | none                   |
| ThetaSA (C/W)         | 0.0                    |
| Board Selection       | medium (10"x10")       |
| # of Board Layers     | 8to11 (8 to 11 Layers) |
| Board Temperature (C) | 25.0                   |
+-----------------------+------------------------+


2.2 Clock Constraints
---------------------

+---------------------------+-----------------------------------------------------------------------------------+-----------------+
| Clock                     | Domain                                                                            | Constraint (ns) |
+---------------------------+-----------------------------------------------------------------------------------+-----------------+
| clk_fpga_0                | zsys_i/processing_system7_0/inst/FCLK_CLK_unbuffered[0]                           |             6.3 |
| clk_fpga_1                | zsys_i/processing_system7_0/inst/FCLK_CLK_unbuffered[1]                           |            61.3 |
| clk_fpga_2                | zsys_i/processing_system7_0/inst/FCLK_CLK2                                        |             5.0 |
| clk_fpga_2                | zsys_i/processing_system7_0/inst/FCLK_CLK_unbuffered[2]                           |             5.0 |
| clk_fpga_3                | zsys_i/processing_system7_0/inst/FCLK_CLK_unbuffered[3]                           |            81.3 |
| clk_out1_zsys_clk_wiz_1_0 | zsys_i/video_out/clk_wiz_1/inst/CLK_CORE_DRP_I/clk_inst/clk_out1_zsys_clk_wiz_1_0 |            13.5 |
| clk_out2_zsys_clk_wiz_1_0 | zsys_i/video_out/clk_wiz_1/inst/CLK_CORE_DRP_I/clk_inst/clk_out2_zsys_clk_wiz_1_0 |             2.7 |
| clkfbout_zsys_clk_wiz_1_0 | zsys_i/video_out/clk_wiz_1/inst/CLK_CORE_DRP_I/clk_inst/clkfbout_zsys_clk_wiz_1_0 |            50.0 |
| csi_clk                   | csi_c_clk_p                                                                       |             6.3 |
| pclk                      | zsys_i/video_in/csi2_d_phy_rx_0/U0/clock_system_inst/pclk                         |            25.0 |
+---------------------------+-----------------------------------------------------------------------------------+-----------------+


3. Detailed Reports
-------------------

3.1 By Hierarchy
----------------

+------------------------------+-----------+
| Name                         | Power (W) |
+------------------------------+-----------+
| zsys_wrapper                 |     1.565 |
|   GPIO_1_tri_iobuf_0         |     0.003 |
|   GPIO_1_tri_iobuf_1         |     0.003 |
|   GPIO_1_tri_iobuf_10        |     0.003 |
|   GPIO_1_tri_iobuf_11        |     0.003 |
|   GPIO_1_tri_iobuf_12        |     0.003 |
|   GPIO_1_tri_iobuf_13        |     0.003 |
|   GPIO_1_tri_iobuf_14        |     0.003 |
|   GPIO_1_tri_iobuf_15        |     0.003 |
|   GPIO_1_tri_iobuf_16        |     0.003 |
|   GPIO_1_tri_iobuf_17        |     0.003 |
|   GPIO_1_tri_iobuf_18        |     0.003 |
|   GPIO_1_tri_iobuf_19        |     0.003 |
|   GPIO_1_tri_iobuf_2         |     0.003 |
|   GPIO_1_tri_iobuf_20        |     0.003 |
|   GPIO_1_tri_iobuf_21        |     0.003 |
|   GPIO_1_tri_iobuf_22        |     0.003 |
|   GPIO_1_tri_iobuf_23        |     0.003 |
|   GPIO_1_tri_iobuf_3         |     0.003 |
|   GPIO_1_tri_iobuf_4         |     0.003 |
|   GPIO_1_tri_iobuf_5         |     0.003 |
|   GPIO_1_tri_iobuf_6         |     0.003 |
|   GPIO_1_tri_iobuf_7         |     0.003 |
|   GPIO_1_tri_iobuf_8         |     0.003 |
|   GPIO_1_tri_iobuf_9         |     0.003 |
|   zsys_i                     |     1.489 |
|     audio                    |     0.053 |
|       audio_formatter_0      |     0.019 |
|       axi_interconnect_1     |     0.006 |
|       i2s_receiver_0         |     0.009 |
|       i2s_to_pwm_0           |     0.002 |
|       i2s_transmitter_0      |     0.009 |
|       xadc_wiz_0             |     0.007 |
|     proc_sys7_0_axi_periph   |     0.006 |
|       s00_couplers           |     0.005 |
|       xbar                   |     0.001 |
|     processing_system7_0     |     1.207 |
|       inst                   |     1.207 |
|     video_in                 |     0.067 |
|       axi_interconnect_0     |     0.001 |
|       axi_vdma_0             |     0.014 |
|       axis_data_fifo_0       |     0.010 |
|       axis_data_fifo_3       |     0.001 |
|       axis_data_fifo_4       |     0.006 |
|       axis_raw_demosaic_0    |     0.011 |
|       axis_raw_unpack_0      |     0.002 |
|       csi2_d_phy_rx_0        |     0.021 |
|     video_out                |     0.155 |
|       Video_IO_2_HDMI_TMDS_0 |     0.025 |
|       axi_vdma_0             |     0.006 |
|       clk_wiz_1              |     0.112 |
|       v_axi4s_vid_out_0      |     0.003 |
|       v_tc_0                 |     0.009 |
+------------------------------+-----------+


