
*** Running vivado
    with args -log zsys_axis_raw_unpack_0_0.vds -m64 -product Vivado -mode batch -messageDb vivado.pb -notrace -source zsys_axis_raw_unpack_0_0.tcl



****** Vivado v2020.2 (64-bit)
  **** SW Build 3064766 on Wed Nov 18 09:12:45 MST 2020
  **** IP Build 3064653 on Wed Nov 18 14:17:31 MST 2020
    ** Copyright 1986-2020 Xilinx, Inc. All Rights Reserved.

source zsys_axis_raw_unpack_0_0.tcl -notrace
INFO: [IP_Flow 19-234] Refreshing IP repositories
INFO: [IP_Flow 19-1700] Loaded user IP repository 'c:/Users/tdv20/Documents/SoC_Project/ZynqBerry_TE0726-03/zynqberrydemo1/ip_lib'.
INFO: [IP_Flow 19-2313] Loaded Vivado IP repository 'E:/Vivado_2020.2/Vivado/2020.2/data/ip'.
WARNING: [IP_Flow 19-4995] The host OS only allows 260 characters in a normal path. The IP cache path is more than 80 characters. If you experience issues with IP caching, please consider changing the IP cache to a location with a shorter path. Alternately consider using the OS subst command to map part of the path to a drive letter. 
Current IP cache path is c:/Users/tdv20/Documents/SoC_Project/ZynqBerry_TE0726-03/zynqberrydemo1/vivado/zynqberrydemo1.cache/ip 
Command: synth_design -top zsys_axis_raw_unpack_0_0 -part xc7z010clg225-1 -mode out_of_context
Starting synth_design
Attempting to get a license for feature 'Synthesis' and/or device 'xc7z010'
INFO: [Common 17-349] Got license for feature 'Synthesis' and/or device 'xc7z010'
INFO: [Device 21-403] Loading part xc7z010clg225-1
INFO: [Synth 8-7079] Multithreading enabled for synth_design using a maximum of 2 processes.
INFO: [Synth 8-7078] Launching helper process for spawning children vivado processes
INFO: [Synth 8-7075] Helper process launched with PID 15276
---------------------------------------------------------------------------------
Starting RTL Elaboration : Time (s): cpu = 00:00:06 ; elapsed = 00:00:06 . Memory (MB): peak = 1189.711 ; gain = 28.090
---------------------------------------------------------------------------------
INFO: [Synth 8-638] synthesizing module 'zsys_axis_raw_unpack_0_0' [c:/Users/tdv20/Documents/SoC_Project/ZynqBerry_TE0726-03/zynqberrydemo1/vivado/zynqberrydemo1.gen/sources_1/bd/zsys/ip/zsys_axis_raw_unpack_0_0/synth/zsys_axis_raw_unpack_0_0.vhd:73]
	Parameter C_IMP_TYPE bound to: 1 - type: integer 
	Parameter C_OUT_TYPE bound to: 1 - type: integer 
INFO: [Synth 8-3491] module 'axis_raw_unpack_v1_0' declared at 'c:/Users/tdv20/Documents/SoC_Project/ZynqBerry_TE0726-03/zynqberrydemo1/vivado/zynqberrydemo1.gen/sources_1/bd/zsys/ipshared/1f42/hdl/axis_raw_unpack_v1_0.vhd:13' bound to instance 'U0' of component 'axis_raw_unpack_v1_0' [c:/Users/tdv20/Documents/SoC_Project/ZynqBerry_TE0726-03/zynqberrydemo1/vivado/zynqberrydemo1.gen/sources_1/bd/zsys/ip/zsys_axis_raw_unpack_0_0/synth/zsys_axis_raw_unpack_0_0.vhd:119]
INFO: [Synth 8-638] synthesizing module 'axis_raw_unpack_v1_0' [c:/Users/tdv20/Documents/SoC_Project/ZynqBerry_TE0726-03/zynqberrydemo1/vivado/zynqberrydemo1.gen/sources_1/bd/zsys/ipshared/1f42/hdl/axis_raw_unpack_v1_0.vhd:36]
	Parameter C_IMP_TYPE bound to: 1 - type: integer 
	Parameter C_OUT_TYPE bound to: 1 - type: integer 
WARNING: [Synth 8-614] signal 'buffer_full' is read in the process but is not in the sensitivity list [c:/Users/tdv20/Documents/SoC_Project/ZynqBerry_TE0726-03/zynqberrydemo1/vivado/zynqberrydemo1.gen/sources_1/bd/zsys/ipshared/1f42/hdl/axis_raw_unpack_v1_0.vhd:169]
	Parameter C_DEPTH bound to: 32 - type: integer 
	Parameter C_WIDTH bound to: 42 - type: integer 
INFO: [Synth 8-3491] module 'srl_fifo' declared at 'c:/Users/tdv20/Documents/SoC_Project/ZynqBerry_TE0726-03/zynqberrydemo1/vivado/zynqberrydemo1.gen/sources_1/bd/zsys/ipshared/1f42/hdl/srl_fifo.vhd:13' bound to instance 'FIFO_inst' of component 'srl_fifo' [c:/Users/tdv20/Documents/SoC_Project/ZynqBerry_TE0726-03/zynqberrydemo1/vivado/zynqberrydemo1.gen/sources_1/bd/zsys/ipshared/1f42/hdl/axis_raw_unpack_v1_0.vhd:207]
INFO: [Synth 8-638] synthesizing module 'srl_fifo' [c:/Users/tdv20/Documents/SoC_Project/ZynqBerry_TE0726-03/zynqberrydemo1/vivado/zynqberrydemo1.gen/sources_1/bd/zsys/ipshared/1f42/hdl/srl_fifo.vhd:29]
	Parameter C_DEPTH bound to: 32 - type: integer 
	Parameter C_WIDTH bound to: 42 - type: integer 
	Parameter INIT bound to: 32'b00000000000000000000000000000000 
	Parameter IS_CLK_INVERTED bound to: 1'b0 
INFO: [Synth 8-113] binding component instance 'SRLC32E_1' to cell 'SRLC32E' [c:/Users/tdv20/Documents/SoC_Project/ZynqBerry_TE0726-03/zynqberrydemo1/vivado/zynqberrydemo1.gen/sources_1/bd/zsys/ipshared/1f42/hdl/srl_fifo.vhd:49]
	Parameter INIT bound to: 32'b00000000000000000000000000000000 
	Parameter IS_CLK_INVERTED bound to: 1'b0 
INFO: [Synth 8-113] binding component instance 'SRLC32E_1' to cell 'SRLC32E' [c:/Users/tdv20/Documents/SoC_Project/ZynqBerry_TE0726-03/zynqberrydemo1/vivado/zynqberrydemo1.gen/sources_1/bd/zsys/ipshared/1f42/hdl/srl_fifo.vhd:49]
	Parameter INIT bound to: 32'b00000000000000000000000000000000 
	Parameter IS_CLK_INVERTED bound to: 1'b0 
INFO: [Synth 8-113] binding component instance 'SRLC32E_1' to cell 'SRLC32E' [c:/Users/tdv20/Documents/SoC_Project/ZynqBerry_TE0726-03/zynqberrydemo1/vivado/zynqberrydemo1.gen/sources_1/bd/zsys/ipshared/1f42/hdl/srl_fifo.vhd:49]
	Parameter INIT bound to: 32'b00000000000000000000000000000000 
	Parameter IS_CLK_INVERTED bound to: 1'b0 
INFO: [Synth 8-113] binding component instance 'SRLC32E_1' to cell 'SRLC32E' [c:/Users/tdv20/Documents/SoC_Project/ZynqBerry_TE0726-03/zynqberrydemo1/vivado/zynqberrydemo1.gen/sources_1/bd/zsys/ipshared/1f42/hdl/srl_fifo.vhd:49]
	Parameter INIT bound to: 32'b00000000000000000000000000000000 
	Parameter IS_CLK_INVERTED bound to: 1'b0 
INFO: [Synth 8-113] binding component instance 'SRLC32E_1' to cell 'SRLC32E' [c:/Users/tdv20/Documents/SoC_Project/ZynqBerry_TE0726-03/zynqberrydemo1/vivado/zynqberrydemo1.gen/sources_1/bd/zsys/ipshared/1f42/hdl/srl_fifo.vhd:49]
	Parameter INIT bound to: 32'b00000000000000000000000000000000 
	Parameter IS_CLK_INVERTED bound to: 1'b0 
INFO: [Synth 8-113] binding component instance 'SRLC32E_1' to cell 'SRLC32E' [c:/Users/tdv20/Documents/SoC_Project/ZynqBerry_TE0726-03/zynqberrydemo1/vivado/zynqberrydemo1.gen/sources_1/bd/zsys/ipshared/1f42/hdl/srl_fifo.vhd:49]
	Parameter INIT bound to: 32'b00000000000000000000000000000000 
	Parameter IS_CLK_INVERTED bound to: 1'b0 
INFO: [Synth 8-113] binding component instance 'SRLC32E_1' to cell 'SRLC32E' [c:/Users/tdv20/Documents/SoC_Project/ZynqBerry_TE0726-03/zynqberrydemo1/vivado/zynqberrydemo1.gen/sources_1/bd/zsys/ipshared/1f42/hdl/srl_fifo.vhd:49]
	Parameter INIT bound to: 32'b00000000000000000000000000000000 
	Parameter IS_CLK_INVERTED bound to: 1'b0 
INFO: [Synth 8-113] binding component instance 'SRLC32E_1' to cell 'SRLC32E' [c:/Users/tdv20/Documents/SoC_Project/ZynqBerry_TE0726-03/zynqberrydemo1/vivado/zynqberrydemo1.gen/sources_1/bd/zsys/ipshared/1f42/hdl/srl_fifo.vhd:49]
	Parameter INIT bound to: 32'b00000000000000000000000000000000 
	Parameter IS_CLK_INVERTED bound to: 1'b0 
INFO: [Synth 8-113] binding component instance 'SRLC32E_1' to cell 'SRLC32E' [c:/Users/tdv20/Documents/SoC_Project/ZynqBerry_TE0726-03/zynqberrydemo1/vivado/zynqberrydemo1.gen/sources_1/bd/zsys/ipshared/1f42/hdl/srl_fifo.vhd:49]
	Parameter INIT bound to: 32'b00000000000000000000000000000000 
	Parameter IS_CLK_INVERTED bound to: 1'b0 
INFO: [Synth 8-113] binding component instance 'SRLC32E_1' to cell 'SRLC32E' [c:/Users/tdv20/Documents/SoC_Project/ZynqBerry_TE0726-03/zynqberrydemo1/vivado/zynqberrydemo1.gen/sources_1/bd/zsys/ipshared/1f42/hdl/srl_fifo.vhd:49]
	Parameter INIT bound to: 32'b00000000000000000000000000000000 
	Parameter IS_CLK_INVERTED bound to: 1'b0 
INFO: [Synth 8-113] binding component instance 'SRLC32E_1' to cell 'SRLC32E' [c:/Users/tdv20/Documents/SoC_Project/ZynqBerry_TE0726-03/zynqberrydemo1/vivado/zynqberrydemo1.gen/sources_1/bd/zsys/ipshared/1f42/hdl/srl_fifo.vhd:49]
	Parameter INIT bound to: 32'b00000000000000000000000000000000 
	Parameter IS_CLK_INVERTED bound to: 1'b0 
INFO: [Synth 8-113] binding component instance 'SRLC32E_1' to cell 'SRLC32E' [c:/Users/tdv20/Documents/SoC_Project/ZynqBerry_TE0726-03/zynqberrydemo1/vivado/zynqberrydemo1.gen/sources_1/bd/zsys/ipshared/1f42/hdl/srl_fifo.vhd:49]
	Parameter INIT bound to: 32'b00000000000000000000000000000000 
	Parameter IS_CLK_INVERTED bound to: 1'b0 
INFO: [Synth 8-113] binding component instance 'SRLC32E_1' to cell 'SRLC32E' [c:/Users/tdv20/Documents/SoC_Project/ZynqBerry_TE0726-03/zynqberrydemo1/vivado/zynqberrydemo1.gen/sources_1/bd/zsys/ipshared/1f42/hdl/srl_fifo.vhd:49]
	Parameter INIT bound to: 32'b00000000000000000000000000000000 
	Parameter IS_CLK_INVERTED bound to: 1'b0 
INFO: [Synth 8-113] binding component instance 'SRLC32E_1' to cell 'SRLC32E' [c:/Users/tdv20/Documents/SoC_Project/ZynqBerry_TE0726-03/zynqberrydemo1/vivado/zynqberrydemo1.gen/sources_1/bd/zsys/ipshared/1f42/hdl/srl_fifo.vhd:49]
	Parameter INIT bound to: 32'b00000000000000000000000000000000 
	Parameter IS_CLK_INVERTED bound to: 1'b0 
INFO: [Synth 8-113] binding component instance 'SRLC32E_1' to cell 'SRLC32E' [c:/Users/tdv20/Documents/SoC_Project/ZynqBerry_TE0726-03/zynqberrydemo1/vivado/zynqberrydemo1.gen/sources_1/bd/zsys/ipshared/1f42/hdl/srl_fifo.vhd:49]
	Parameter INIT bound to: 32'b00000000000000000000000000000000 
	Parameter IS_CLK_INVERTED bound to: 1'b0 
INFO: [Synth 8-113] binding component instance 'SRLC32E_1' to cell 'SRLC32E' [c:/Users/tdv20/Documents/SoC_Project/ZynqBerry_TE0726-03/zynqberrydemo1/vivado/zynqberrydemo1.gen/sources_1/bd/zsys/ipshared/1f42/hdl/srl_fifo.vhd:49]
	Parameter INIT bound to: 32'b00000000000000000000000000000000 
	Parameter IS_CLK_INVERTED bound to: 1'b0 
INFO: [Synth 8-113] binding component instance 'SRLC32E_1' to cell 'SRLC32E' [c:/Users/tdv20/Documents/SoC_Project/ZynqBerry_TE0726-03/zynqberrydemo1/vivado/zynqberrydemo1.gen/sources_1/bd/zsys/ipshared/1f42/hdl/srl_fifo.vhd:49]
	Parameter INIT bound to: 32'b00000000000000000000000000000000 
	Parameter IS_CLK_INVERTED bound to: 1'b0 
INFO: [Synth 8-113] binding component instance 'SRLC32E_1' to cell 'SRLC32E' [c:/Users/tdv20/Documents/SoC_Project/ZynqBerry_TE0726-03/zynqberrydemo1/vivado/zynqberrydemo1.gen/sources_1/bd/zsys/ipshared/1f42/hdl/srl_fifo.vhd:49]
	Parameter INIT bound to: 32'b00000000000000000000000000000000 
	Parameter IS_CLK_INVERTED bound to: 1'b0 
INFO: [Synth 8-113] binding component instance 'SRLC32E_1' to cell 'SRLC32E' [c:/Users/tdv20/Documents/SoC_Project/ZynqBerry_TE0726-03/zynqberrydemo1/vivado/zynqberrydemo1.gen/sources_1/bd/zsys/ipshared/1f42/hdl/srl_fifo.vhd:49]
	Parameter INIT bound to: 32'b00000000000000000000000000000000 
	Parameter IS_CLK_INVERTED bound to: 1'b0 
INFO: [Synth 8-113] binding component instance 'SRLC32E_1' to cell 'SRLC32E' [c:/Users/tdv20/Documents/SoC_Project/ZynqBerry_TE0726-03/zynqberrydemo1/vivado/zynqberrydemo1.gen/sources_1/bd/zsys/ipshared/1f42/hdl/srl_fifo.vhd:49]
	Parameter INIT bound to: 32'b00000000000000000000000000000000 
	Parameter IS_CLK_INVERTED bound to: 1'b0 
INFO: [Synth 8-113] binding component instance 'SRLC32E_1' to cell 'SRLC32E' [c:/Users/tdv20/Documents/SoC_Project/ZynqBerry_TE0726-03/zynqberrydemo1/vivado/zynqberrydemo1.gen/sources_1/bd/zsys/ipshared/1f42/hdl/srl_fifo.vhd:49]
	Parameter INIT bound to: 32'b00000000000000000000000000000000 
	Parameter IS_CLK_INVERTED bound to: 1'b0 
INFO: [Synth 8-113] binding component instance 'SRLC32E_1' to cell 'SRLC32E' [c:/Users/tdv20/Documents/SoC_Project/ZynqBerry_TE0726-03/zynqberrydemo1/vivado/zynqberrydemo1.gen/sources_1/bd/zsys/ipshared/1f42/hdl/srl_fifo.vhd:49]
	Parameter INIT bound to: 32'b00000000000000000000000000000000 
	Parameter IS_CLK_INVERTED bound to: 1'b0 
INFO: [Synth 8-113] binding component instance 'SRLC32E_1' to cell 'SRLC32E' [c:/Users/tdv20/Documents/SoC_Project/ZynqBerry_TE0726-03/zynqberrydemo1/vivado/zynqberrydemo1.gen/sources_1/bd/zsys/ipshared/1f42/hdl/srl_fifo.vhd:49]
	Parameter INIT bound to: 32'b00000000000000000000000000000000 
	Parameter IS_CLK_INVERTED bound to: 1'b0 
INFO: [Synth 8-113] binding component instance 'SRLC32E_1' to cell 'SRLC32E' [c:/Users/tdv20/Documents/SoC_Project/ZynqBerry_TE0726-03/zynqberrydemo1/vivado/zynqberrydemo1.gen/sources_1/bd/zsys/ipshared/1f42/hdl/srl_fifo.vhd:49]
	Parameter INIT bound to: 32'b00000000000000000000000000000000 
	Parameter IS_CLK_INVERTED bound to: 1'b0 
INFO: [Synth 8-113] binding component instance 'SRLC32E_1' to cell 'SRLC32E' [c:/Users/tdv20/Documents/SoC_Project/ZynqBerry_TE0726-03/zynqberrydemo1/vivado/zynqberrydemo1.gen/sources_1/bd/zsys/ipshared/1f42/hdl/srl_fifo.vhd:49]
	Parameter INIT bound to: 32'b00000000000000000000000000000000 
	Parameter IS_CLK_INVERTED bound to: 1'b0 
INFO: [Synth 8-113] binding component instance 'SRLC32E_1' to cell 'SRLC32E' [c:/Users/tdv20/Documents/SoC_Project/ZynqBerry_TE0726-03/zynqberrydemo1/vivado/zynqberrydemo1.gen/sources_1/bd/zsys/ipshared/1f42/hdl/srl_fifo.vhd:49]
	Parameter INIT bound to: 32'b00000000000000000000000000000000 
	Parameter IS_CLK_INVERTED bound to: 1'b0 
INFO: [Synth 8-113] binding component instance 'SRLC32E_1' to cell 'SRLC32E' [c:/Users/tdv20/Documents/SoC_Project/ZynqBerry_TE0726-03/zynqberrydemo1/vivado/zynqberrydemo1.gen/sources_1/bd/zsys/ipshared/1f42/hdl/srl_fifo.vhd:49]
	Parameter INIT bound to: 32'b00000000000000000000000000000000 
	Parameter IS_CLK_INVERTED bound to: 1'b0 
INFO: [Synth 8-113] binding component instance 'SRLC32E_1' to cell 'SRLC32E' [c:/Users/tdv20/Documents/SoC_Project/ZynqBerry_TE0726-03/zynqberrydemo1/vivado/zynqberrydemo1.gen/sources_1/bd/zsys/ipshared/1f42/hdl/srl_fifo.vhd:49]
	Parameter INIT bound to: 32'b00000000000000000000000000000000 
	Parameter IS_CLK_INVERTED bound to: 1'b0 
INFO: [Synth 8-113] binding component instance 'SRLC32E_1' to cell 'SRLC32E' [c:/Users/tdv20/Documents/SoC_Project/ZynqBerry_TE0726-03/zynqberrydemo1/vivado/zynqberrydemo1.gen/sources_1/bd/zsys/ipshared/1f42/hdl/srl_fifo.vhd:49]
	Parameter INIT bound to: 32'b00000000000000000000000000000000 
	Parameter IS_CLK_INVERTED bound to: 1'b0 
INFO: [Synth 8-113] binding component instance 'SRLC32E_1' to cell 'SRLC32E' [c:/Users/tdv20/Documents/SoC_Project/ZynqBerry_TE0726-03/zynqberrydemo1/vivado/zynqberrydemo1.gen/sources_1/bd/zsys/ipshared/1f42/hdl/srl_fifo.vhd:49]
	Parameter INIT bound to: 32'b00000000000000000000000000000000 
	Parameter IS_CLK_INVERTED bound to: 1'b0 
INFO: [Synth 8-113] binding component instance 'SRLC32E_1' to cell 'SRLC32E' [c:/Users/tdv20/Documents/SoC_Project/ZynqBerry_TE0726-03/zynqberrydemo1/vivado/zynqberrydemo1.gen/sources_1/bd/zsys/ipshared/1f42/hdl/srl_fifo.vhd:49]
	Parameter INIT bound to: 32'b00000000000000000000000000000000 
	Parameter IS_CLK_INVERTED bound to: 1'b0 
INFO: [Synth 8-113] binding component instance 'SRLC32E_1' to cell 'SRLC32E' [c:/Users/tdv20/Documents/SoC_Project/ZynqBerry_TE0726-03/zynqberrydemo1/vivado/zynqberrydemo1.gen/sources_1/bd/zsys/ipshared/1f42/hdl/srl_fifo.vhd:49]
	Parameter INIT bound to: 32'b00000000000000000000000000000000 
	Parameter IS_CLK_INVERTED bound to: 1'b0 
INFO: [Synth 8-113] binding component instance 'SRLC32E_1' to cell 'SRLC32E' [c:/Users/tdv20/Documents/SoC_Project/ZynqBerry_TE0726-03/zynqberrydemo1/vivado/zynqberrydemo1.gen/sources_1/bd/zsys/ipshared/1f42/hdl/srl_fifo.vhd:49]
	Parameter INIT bound to: 32'b00000000000000000000000000000000 
	Parameter IS_CLK_INVERTED bound to: 1'b0 
INFO: [Synth 8-113] binding component instance 'SRLC32E_1' to cell 'SRLC32E' [c:/Users/tdv20/Documents/SoC_Project/ZynqBerry_TE0726-03/zynqberrydemo1/vivado/zynqberrydemo1.gen/sources_1/bd/zsys/ipshared/1f42/hdl/srl_fifo.vhd:49]
	Parameter INIT bound to: 32'b00000000000000000000000000000000 
	Parameter IS_CLK_INVERTED bound to: 1'b0 
INFO: [Synth 8-113] binding component instance 'SRLC32E_1' to cell 'SRLC32E' [c:/Users/tdv20/Documents/SoC_Project/ZynqBerry_TE0726-03/zynqberrydemo1/vivado/zynqberrydemo1.gen/sources_1/bd/zsys/ipshared/1f42/hdl/srl_fifo.vhd:49]
	Parameter INIT bound to: 32'b00000000000000000000000000000000 
	Parameter IS_CLK_INVERTED bound to: 1'b0 
INFO: [Synth 8-113] binding component instance 'SRLC32E_1' to cell 'SRLC32E' [c:/Users/tdv20/Documents/SoC_Project/ZynqBerry_TE0726-03/zynqberrydemo1/vivado/zynqberrydemo1.gen/sources_1/bd/zsys/ipshared/1f42/hdl/srl_fifo.vhd:49]
	Parameter INIT bound to: 32'b00000000000000000000000000000000 
	Parameter IS_CLK_INVERTED bound to: 1'b0 
INFO: [Synth 8-113] binding component instance 'SRLC32E_1' to cell 'SRLC32E' [c:/Users/tdv20/Documents/SoC_Project/ZynqBerry_TE0726-03/zynqberrydemo1/vivado/zynqberrydemo1.gen/sources_1/bd/zsys/ipshared/1f42/hdl/srl_fifo.vhd:49]
	Parameter INIT bound to: 32'b00000000000000000000000000000000 
	Parameter IS_CLK_INVERTED bound to: 1'b0 
INFO: [Synth 8-113] binding component instance 'SRLC32E_1' to cell 'SRLC32E' [c:/Users/tdv20/Documents/SoC_Project/ZynqBerry_TE0726-03/zynqberrydemo1/vivado/zynqberrydemo1.gen/sources_1/bd/zsys/ipshared/1f42/hdl/srl_fifo.vhd:49]
	Parameter INIT bound to: 32'b00000000000000000000000000000000 
	Parameter IS_CLK_INVERTED bound to: 1'b0 
INFO: [Synth 8-113] binding component instance 'SRLC32E_1' to cell 'SRLC32E' [c:/Users/tdv20/Documents/SoC_Project/ZynqBerry_TE0726-03/zynqberrydemo1/vivado/zynqberrydemo1.gen/sources_1/bd/zsys/ipshared/1f42/hdl/srl_fifo.vhd:49]
	Parameter INIT bound to: 32'b00000000000000000000000000000000 
	Parameter IS_CLK_INVERTED bound to: 1'b0 
INFO: [Synth 8-113] binding component instance 'SRLC32E_1' to cell 'SRLC32E' [c:/Users/tdv20/Documents/SoC_Project/ZynqBerry_TE0726-03/zynqberrydemo1/vivado/zynqberrydemo1.gen/sources_1/bd/zsys/ipshared/1f42/hdl/srl_fifo.vhd:49]
	Parameter INIT bound to: 32'b00000000000000000000000000000000 
	Parameter IS_CLK_INVERTED bound to: 1'b0 
INFO: [Synth 8-113] binding component instance 'SRLC32E_1' to cell 'SRLC32E' [c:/Users/tdv20/Documents/SoC_Project/ZynqBerry_TE0726-03/zynqberrydemo1/vivado/zynqberrydemo1.gen/sources_1/bd/zsys/ipshared/1f42/hdl/srl_fifo.vhd:49]
	Parameter INIT bound to: 32'b00000000000000000000000000000000 
	Parameter IS_CLK_INVERTED bound to: 1'b0 
INFO: [Synth 8-113] binding component instance 'SRLC32E_1' to cell 'SRLC32E' [c:/Users/tdv20/Documents/SoC_Project/ZynqBerry_TE0726-03/zynqberrydemo1/vivado/zynqberrydemo1.gen/sources_1/bd/zsys/ipshared/1f42/hdl/srl_fifo.vhd:49]
INFO: [Synth 8-256] done synthesizing module 'srl_fifo' (1#1) [c:/Users/tdv20/Documents/SoC_Project/ZynqBerry_TE0726-03/zynqberrydemo1/vivado/zynqberrydemo1.gen/sources_1/bd/zsys/ipshared/1f42/hdl/srl_fifo.vhd:29]
INFO: [Synth 8-256] done synthesizing module 'axis_raw_unpack_v1_0' (2#1) [c:/Users/tdv20/Documents/SoC_Project/ZynqBerry_TE0726-03/zynqberrydemo1/vivado/zynqberrydemo1.gen/sources_1/bd/zsys/ipshared/1f42/hdl/axis_raw_unpack_v1_0.vhd:36]
INFO: [Synth 8-256] done synthesizing module 'zsys_axis_raw_unpack_0_0' (3#1) [c:/Users/tdv20/Documents/SoC_Project/ZynqBerry_TE0726-03/zynqberrydemo1/vivado/zynqberrydemo1.gen/sources_1/bd/zsys/ip/zsys_axis_raw_unpack_0_0/synth/zsys_axis_raw_unpack_0_0.vhd:73]
---------------------------------------------------------------------------------
Finished RTL Elaboration : Time (s): cpu = 00:00:07 ; elapsed = 00:00:08 . Memory (MB): peak = 1249.387 ; gain = 87.766
---------------------------------------------------------------------------------
---------------------------------------------------------------------------------
Start Handling Custom Attributes
---------------------------------------------------------------------------------
---------------------------------------------------------------------------------
Finished Handling Custom Attributes : Time (s): cpu = 00:00:07 ; elapsed = 00:00:08 . Memory (MB): peak = 1249.387 ; gain = 87.766
---------------------------------------------------------------------------------
---------------------------------------------------------------------------------
Finished RTL Optimization Phase 1 : Time (s): cpu = 00:00:07 ; elapsed = 00:00:08 . Memory (MB): peak = 1249.387 ; gain = 87.766
---------------------------------------------------------------------------------
Netlist sorting complete. Time (s): cpu = 00:00:00 ; elapsed = 00:00:00.010 . Memory (MB): peak = 1249.387 ; gain = 0.000
INFO: [Project 1-570] Preparing netlist for logic optimization

Processing XDC Constraints
Initializing timing engine
Completed Processing XDC Constraints

Netlist sorting complete. Time (s): cpu = 00:00:00 ; elapsed = 00:00:00 . Memory (MB): peak = 1340.852 ; gain = 0.000
INFO: [Project 1-111] Unisim Transformation Summary:
No Unisim elements were transformed.

Constraint Validation Runtime : Time (s): cpu = 00:00:00 ; elapsed = 00:00:00.036 . Memory (MB): peak = 1340.906 ; gain = 0.055
---------------------------------------------------------------------------------
Finished Constraint Validation : Time (s): cpu = 00:00:13 ; elapsed = 00:00:14 . Memory (MB): peak = 1340.906 ; gain = 179.285
---------------------------------------------------------------------------------
---------------------------------------------------------------------------------
Start Loading Part and Timing Information
---------------------------------------------------------------------------------
Loading part: xc7z010clg225-1
---------------------------------------------------------------------------------
Finished Loading Part and Timing Information : Time (s): cpu = 00:00:13 ; elapsed = 00:00:14 . Memory (MB): peak = 1340.906 ; gain = 179.285
---------------------------------------------------------------------------------
---------------------------------------------------------------------------------
Start Applying 'set_property' XDC Constraints
---------------------------------------------------------------------------------
---------------------------------------------------------------------------------
Finished applying 'set_property' XDC Constraints : Time (s): cpu = 00:00:13 ; elapsed = 00:00:14 . Memory (MB): peak = 1340.906 ; gain = 179.285
---------------------------------------------------------------------------------
INFO: [Synth 8-802] inferred FSM for state register 'fifo_state_reg' in module 'srl_fifo'
INFO: [Synth 8-802] inferred FSM for state register 'sm_rx_state_reg' in module 'axis_raw_unpack_v1_0'
INFO: [Synth 8-802] inferred FSM for state register 'serial_out_gen.sm_tx_state_reg' in module 'axis_raw_unpack_v1_0'
---------------------------------------------------------------------------------------------------
                   State |                     New Encoding |                Previous Encoding 
---------------------------------------------------------------------------------------------------
                st_empty |                              001 |                               00
            st_not_empty |                              010 |                               01
                 st_full |                              100 |                               10
---------------------------------------------------------------------------------------------------
INFO: [Synth 8-3354] encoded FSM with state register 'fifo_state_reg' using encoding 'one-hot' in module 'srl_fifo'
---------------------------------------------------------------------------------------------------
                   State |                     New Encoding |                Previous Encoding 
---------------------------------------------------------------------------------------------------
                 st_idle |                              000 |                              000
                   st_pa |                              001 |                              001
                   st_pb |                              010 |                              010
                   st_pc |                              011 |                              011
                   st_pd |                              100 |                              100
---------------------------------------------------------------------------------------------------
INFO: [Synth 8-3354] encoded FSM with state register 'sm_rx_state_reg' using encoding 'sequential' in module 'axis_raw_unpack_v1_0'
---------------------------------------------------------------------------------------------------
                   State |                     New Encoding |                Previous Encoding 
---------------------------------------------------------------------------------------------------
                 st_wait |                              000 |                              000
                  st_txa |                              001 |                              001
                  st_txb |                              010 |                              010
                  st_txc |                              011 |                              011
                  st_txd |                              100 |                              100
---------------------------------------------------------------------------------------------------
INFO: [Synth 8-3354] encoded FSM with state register 'serial_out_gen.sm_tx_state_reg' using encoding 'sequential' in module 'axis_raw_unpack_v1_0'
---------------------------------------------------------------------------------
Finished RTL Optimization Phase 2 : Time (s): cpu = 00:00:13 ; elapsed = 00:00:15 . Memory (MB): peak = 1340.906 ; gain = 179.285
---------------------------------------------------------------------------------
---------------------------------------------------------------------------------
Start RTL Component Statistics 
---------------------------------------------------------------------------------
Detailed RTL Component Info : 
+---Adders : 
	   2 Input    6 Bit       Adders := 2     
	   2 Input    5 Bit       Adders := 2     
+---Registers : 
	               40 Bit    Registers := 1     
	               16 Bit    Registers := 1     
	               10 Bit    Registers := 4     
	                6 Bit    Registers := 1     
	                5 Bit    Registers := 1     
	                1 Bit    Registers := 5     
+---Muxes : 
	   5 Input   40 Bit        Muxes := 2     
	   5 Input   16 Bit        Muxes := 1     
	   5 Input   10 Bit        Muxes := 4     
	   2 Input    6 Bit        Muxes := 1     
	   3 Input    6 Bit        Muxes := 1     
	   2 Input    5 Bit        Muxes := 1     
	   3 Input    5 Bit        Muxes := 1     
	   3 Input    3 Bit        Muxes := 1     
	   2 Input    3 Bit        Muxes := 9     
	   5 Input    3 Bit        Muxes := 2     
	   2 Input    1 Bit        Muxes := 9     
	   3 Input    1 Bit        Muxes := 3     
	   5 Input    1 Bit        Muxes := 13    
---------------------------------------------------------------------------------
Finished RTL Component Statistics 
---------------------------------------------------------------------------------
---------------------------------------------------------------------------------
Start Part Resource Summary
---------------------------------------------------------------------------------
Part Resources:
DSPs: 80 (col length:40)
BRAMs: 120 (col length: RAMB18 40 RAMB36 20)
---------------------------------------------------------------------------------
Finished Part Resource Summary
---------------------------------------------------------------------------------
---------------------------------------------------------------------------------
Start Cross Boundary and Area Optimization
---------------------------------------------------------------------------------
---------------------------------------------------------------------------------
Finished Cross Boundary and Area Optimization : Time (s): cpu = 00:00:15 ; elapsed = 00:00:17 . Memory (MB): peak = 1340.906 ; gain = 179.285
---------------------------------------------------------------------------------
---------------------------------------------------------------------------------
Start Applying XDC Timing Constraints
---------------------------------------------------------------------------------
---------------------------------------------------------------------------------
Finished Applying XDC Timing Constraints : Time (s): cpu = 00:00:21 ; elapsed = 00:00:23 . Memory (MB): peak = 1340.906 ; gain = 179.285
---------------------------------------------------------------------------------
---------------------------------------------------------------------------------
Start Timing Optimization
---------------------------------------------------------------------------------
---------------------------------------------------------------------------------
Finished Timing Optimization : Time (s): cpu = 00:00:21 ; elapsed = 00:00:23 . Memory (MB): peak = 1340.906 ; gain = 179.285
---------------------------------------------------------------------------------
---------------------------------------------------------------------------------
Start Technology Mapping
---------------------------------------------------------------------------------
---------------------------------------------------------------------------------
Finished Technology Mapping : Time (s): cpu = 00:00:21 ; elapsed = 00:00:23 . Memory (MB): peak = 1367.211 ; gain = 205.590
---------------------------------------------------------------------------------
---------------------------------------------------------------------------------
Start IO Insertion
---------------------------------------------------------------------------------
---------------------------------------------------------------------------------
Start Flattening Before IO Insertion
---------------------------------------------------------------------------------
---------------------------------------------------------------------------------
Finished Flattening Before IO Insertion
---------------------------------------------------------------------------------
---------------------------------------------------------------------------------
Start Final Netlist Cleanup
---------------------------------------------------------------------------------
---------------------------------------------------------------------------------
Finished Final Netlist Cleanup
---------------------------------------------------------------------------------
---------------------------------------------------------------------------------
Finished IO Insertion : Time (s): cpu = 00:00:24 ; elapsed = 00:00:26 . Memory (MB): peak = 1367.211 ; gain = 205.590
---------------------------------------------------------------------------------
---------------------------------------------------------------------------------
Start Renaming Generated Instances
---------------------------------------------------------------------------------
---------------------------------------------------------------------------------
Finished Renaming Generated Instances : Time (s): cpu = 00:00:24 ; elapsed = 00:00:26 . Memory (MB): peak = 1367.211 ; gain = 205.590
---------------------------------------------------------------------------------
---------------------------------------------------------------------------------
Start Rebuilding User Hierarchy
---------------------------------------------------------------------------------
---------------------------------------------------------------------------------
Finished Rebuilding User Hierarchy : Time (s): cpu = 00:00:24 ; elapsed = 00:00:26 . Memory (MB): peak = 1367.211 ; gain = 205.590
---------------------------------------------------------------------------------
---------------------------------------------------------------------------------
Start Renaming Generated Ports
---------------------------------------------------------------------------------
---------------------------------------------------------------------------------
Finished Renaming Generated Ports : Time (s): cpu = 00:00:24 ; elapsed = 00:00:26 . Memory (MB): peak = 1367.211 ; gain = 205.590
---------------------------------------------------------------------------------
---------------------------------------------------------------------------------
Start Handling Custom Attributes
---------------------------------------------------------------------------------
---------------------------------------------------------------------------------
Finished Handling Custom Attributes : Time (s): cpu = 00:00:24 ; elapsed = 00:00:26 . Memory (MB): peak = 1367.211 ; gain = 205.590
---------------------------------------------------------------------------------
---------------------------------------------------------------------------------
Start Renaming Generated Nets
---------------------------------------------------------------------------------
---------------------------------------------------------------------------------
Finished Renaming Generated Nets : Time (s): cpu = 00:00:24 ; elapsed = 00:00:26 . Memory (MB): peak = 1367.211 ; gain = 205.590
---------------------------------------------------------------------------------
---------------------------------------------------------------------------------
Start Writing Synthesis Report
---------------------------------------------------------------------------------

Report BlackBoxes: 
+-+--------------+----------+
| |BlackBox name |Instances |
+-+--------------+----------+
+-+--------------+----------+

Report Cell Usage: 
+------+--------+------+
|      |Cell    |Count |
+------+--------+------+
|1     |LUT2    |     3|
|2     |LUT3    |    26|
|3     |LUT4    |    33|
|4     |LUT5    |     8|
|5     |LUT6    |    29|
|6     |SRLC32E |    42|
|7     |FDRE    |   107|
+------+--------+------+
---------------------------------------------------------------------------------
Finished Writing Synthesis Report : Time (s): cpu = 00:00:24 ; elapsed = 00:00:26 . Memory (MB): peak = 1367.211 ; gain = 205.590
---------------------------------------------------------------------------------
Synthesis finished with 0 errors, 0 critical warnings and 0 warnings.
Synthesis Optimization Runtime : Time (s): cpu = 00:00:15 ; elapsed = 00:00:24 . Memory (MB): peak = 1367.211 ; gain = 114.070
Synthesis Optimization Complete : Time (s): cpu = 00:00:24 ; elapsed = 00:00:26 . Memory (MB): peak = 1367.211 ; gain = 205.590
INFO: [Project 1-571] Translating synthesized netlist
Netlist sorting complete. Time (s): cpu = 00:00:00 ; elapsed = 00:00:00.006 . Memory (MB): peak = 1367.211 ; gain = 0.000
INFO: [Project 1-570] Preparing netlist for logic optimization
INFO: [Opt 31-138] Pushed 0 inverter(s) to 0 load pin(s).
Netlist sorting complete. Time (s): cpu = 00:00:00 ; elapsed = 00:00:00 . Memory (MB): peak = 1383.719 ; gain = 0.000
INFO: [Project 1-111] Unisim Transformation Summary:
No Unisim elements were transformed.

INFO: [Common 17-83] Releasing license: Synthesis
71 Infos, 2 Warnings, 0 Critical Warnings and 0 Errors encountered.
synth_design completed successfully
synth_design: Time (s): cpu = 00:00:30 ; elapsed = 00:00:34 . Memory (MB): peak = 1383.719 ; gain = 222.098
INFO: [Common 17-1381] The checkpoint 'C:/Users/tdv20/Documents/SoC_Project/ZynqBerry_TE0726-03/zynqberrydemo1/vivado/zynqberrydemo1.runs/zsys_axis_raw_unpack_0_0_synth_1/zsys_axis_raw_unpack_0_0.dcp' has been generated.
WARNING: [Common 17-576] 'use_project_ipc' is deprecated. This option is deprecated and no longer used.
INFO: [Coretcl 2-1648] Added synthesis output to IP cache for IP zsys_axis_raw_unpack_0_0, cache-ID = 36d9330544e682c4
INFO: [Coretcl 2-1174] Renamed 2 cell refs.
INFO: [Common 17-1381] The checkpoint 'C:/Users/tdv20/Documents/SoC_Project/ZynqBerry_TE0726-03/zynqberrydemo1/vivado/zynqberrydemo1.runs/zsys_axis_raw_unpack_0_0_synth_1/zsys_axis_raw_unpack_0_0.dcp' has been generated.
INFO: [runtcl-4] Executing : report_utilization -file zsys_axis_raw_unpack_0_0_utilization_synth.rpt -pb zsys_axis_raw_unpack_0_0_utilization_synth.pb
INFO: [Common 17-206] Exiting Vivado at Sat Jun 15 10:53:23 2024...
